0 info it worked if it ends with ok
1 verbose cli [ '/usr/bin/nodejs',
1 verbose cli   '/usr/bin/npm',
1 verbose cli   '--global',
1 verbose cli   'install',
1 verbose cli   'gulp' ]
2 info using npm@1.4.21
3 info using node@v0.10.25
4 verbose cache add [ 'gulp', null ]
5 verbose cache add name=undefined spec="gulp" args=["gulp",null]
6 verbose parsed url { protocol: null,
6 verbose parsed url   slashes: null,
6 verbose parsed url   auth: null,
6 verbose parsed url   host: null,
6 verbose parsed url   port: null,
6 verbose parsed url   hostname: null,
6 verbose parsed url   hash: null,
6 verbose parsed url   search: null,
6 verbose parsed url   query: null,
6 verbose parsed url   pathname: 'gulp',
6 verbose parsed url   path: 'gulp',
6 verbose parsed url   href: 'gulp' }
7 silly lockFile 9750c68d-gulp gulp
8 verbose lock gulp /home/sjonbak23/.npm/9750c68d-gulp.lock
9 silly lockFile 9750c68d-gulp gulp
10 silly lockFile 9750c68d-gulp gulp
11 verbose addNamed [ 'gulp', '' ]
12 verbose addNamed [ null, '*' ]
13 silly lockFile 72f4391e-gulp gulp@
14 verbose lock gulp@ /home/sjonbak23/.npm/72f4391e-gulp.lock
15 silly addNameRange { name: 'gulp', range: '*', hasData: false }
16 verbose request where is /gulp
17 verbose request registry https://registry.npmjs.org/
18 verbose request id 171d90e72cdd3c5c
19 verbose url raw /gulp
20 verbose url resolving [ 'https://registry.npmjs.org/', './gulp' ]
21 verbose url resolved https://registry.npmjs.org/gulp
22 verbose request where is https://registry.npmjs.org/gulp
23 info trying registry request attempt 1 at 21:29:27
24 verbose etag "AHA9TU4Z4EGVDZFYDBJS315F3"
25 http GET https://registry.npmjs.org/gulp
26 http 304 https://registry.npmjs.org/gulp
27 silly registry.get cb [ 304,
27 silly registry.get   { date: 'Wed, 07 Sep 2016 19:29:27 GMT',
27 silly registry.get     via: '1.1 varnish',
27 silly registry.get     'cache-control': 'max-age=300',
27 silly registry.get     etag: '"AHA9TU4Z4EGVDZFYDBJS315F3"',
27 silly registry.get     age: '268',
27 silly registry.get     connection: 'keep-alive',
27 silly registry.get     'x-served-by': 'cache-ams4143-AMS',
27 silly registry.get     'x-cache': 'HIT',
27 silly registry.get     'x-cache-hits': '1',
27 silly registry.get     'x-timer': 'S1473276567.357595,VS0,VE0',
27 silly registry.get     vary: 'Accept-Encoding' } ]
28 verbose etag https://registry.npmjs.org/gulp from cache
29 silly addNameRange number 2 { name: 'gulp', range: '*', hasData: true }
30 silly addNameRange versions [ 'gulp',
30 silly addNameRange   [ '0.0.1',
30 silly addNameRange     '0.0.2',
30 silly addNameRange     '0.0.3',
30 silly addNameRange     '0.0.4',
30 silly addNameRange     '0.0.5',
30 silly addNameRange     '0.0.7',
30 silly addNameRange     '0.0.8',
30 silly addNameRange     '0.0.9',
30 silly addNameRange     '0.1.0',
30 silly addNameRange     '0.2.0',
30 silly addNameRange     '1.0.0',
30 silly addNameRange     '1.1.0',
30 silly addNameRange     '1.2.0',
30 silly addNameRange     '1.2.1',
30 silly addNameRange     '2.0.0',
30 silly addNameRange     '2.0.1',
30 silly addNameRange     '2.1.0',
30 silly addNameRange     '2.2.0',
30 silly addNameRange     '2.3.0',
30 silly addNameRange     '2.4.0',
30 silly addNameRange     '2.4.1',
30 silly addNameRange     '2.6.0',
30 silly addNameRange     '2.6.1',
30 silly addNameRange     '2.7.0',
30 silly addNameRange     '3.0.0',
30 silly addNameRange     '3.1.1',
30 silly addNameRange     '3.1.2',
30 silly addNameRange     '3.1.3',
30 silly addNameRange     '3.1.4',
30 silly addNameRange     '3.2.0',
30 silly addNameRange     '3.2.1',
30 silly addNameRange     '3.2.2',
30 silly addNameRange     '3.2.3',
30 silly addNameRange     '3.2.4',
30 silly addNameRange     '3.2.5',
30 silly addNameRange     '3.3.0',
30 silly addNameRange     '3.3.1',
30 silly addNameRange     '3.3.2',
30 silly addNameRange     '3.3.4',
30 silly addNameRange     '3.4.0',
30 silly addNameRange     '3.5.0',
30 silly addNameRange     '3.5.1',
30 silly addNameRange     '3.5.2',
30 silly addNameRange     '3.5.5',
30 silly addNameRange     '3.5.6',
30 silly addNameRange     '3.6.0',
30 silly addNameRange     '3.6.1',
30 silly addNameRange     '3.6.2',
30 silly addNameRange     '3.7.0',
30 silly addNameRange     '3.8.0',
30 silly addNameRange     '3.8.1',
30 silly addNameRange     '3.8.2',
30 silly addNameRange     '3.8.3',
30 silly addNameRange     '3.8.4',
30 silly addNameRange     '3.8.5',
30 silly addNameRange     '3.8.6',
30 silly addNameRange     '3.8.7',
30 silly addNameRange     '3.8.8',
30 silly addNameRange     '3.8.9',
30 silly addNameRange     '3.8.10',
30 silly addNameRange     '3.8.11',
30 silly addNameRange     '3.9.0',
30 silly addNameRange     '3.9.1' ] ]
31 verbose addNamed [ 'gulp', '3.9.1' ]
32 verbose addNamed [ '3.9.1', '3.9.1' ]
33 silly lockFile d9f1ef79-gulp-3-9-1 gulp@3.9.1
34 verbose lock gulp@3.9.1 /home/sjonbak23/.npm/d9f1ef79-gulp-3-9-1.lock
35 silly lockFile d9f1ef79-gulp-3-9-1 gulp@3.9.1
36 silly lockFile d9f1ef79-gulp-3-9-1 gulp@3.9.1
37 silly lockFile 72f4391e-gulp gulp@
38 silly lockFile 72f4391e-gulp gulp@
39 silly resolved [ { name: 'gulp',
39 silly resolved     description: 'The streaming build system',
39 silly resolved     version: '3.9.1',
39 silly resolved     homepage: 'http://gulpjs.com',
39 silly resolved     repository: { type: 'git', url: 'git+https://github.com/gulpjs/gulp.git' },
39 silly resolved     author:
39 silly resolved      { name: 'Fractal',
39 silly resolved        email: 'contact@wearefractal.com',
39 silly resolved        url: 'http://wearefractal.com/' },
39 silly resolved     tags: [ 'build', 'stream', 'system', 'make', 'tool', 'asset', 'pipeline' ],
39 silly resolved     files: [ 'index.js', 'lib', 'bin', 'completion', 'gulp.1' ],
39 silly resolved     bin: { gulp: './bin/gulp.js' },
39 silly resolved     man: [ 'gulp.1' ],
39 silly resolved     dependencies:
39 silly resolved      { archy: '^1.0.0',
39 silly resolved        chalk: '^1.0.0',
39 silly resolved        deprecated: '^0.0.1',
39 silly resolved        'gulp-util': '^3.0.0',
39 silly resolved        interpret: '^1.0.0',
39 silly resolved        liftoff: '^2.1.0',
39 silly resolved        minimist: '^1.1.0',
39 silly resolved        orchestrator: '^0.3.0',
39 silly resolved        'pretty-hrtime': '^1.0.0',
39 silly resolved        semver: '^4.1.0',
39 silly resolved        tildify: '^1.0.0',
39 silly resolved        v8flags: '^2.0.2',
39 silly resolved        'vinyl-fs': '^0.3.0' },
39 silly resolved     devDependencies:
39 silly resolved      { coveralls: '^2.7.0',
39 silly resolved        eslint: '^1.7.3',
39 silly resolved        'eslint-config-gulp': '^2.0.0',
39 silly resolved        'graceful-fs': '^3.0.0',
39 silly resolved        istanbul: '^0.3.0',
39 silly resolved        jscs: '^2.3.5',
39 silly resolved        'jscs-preset-gulp': '^1.0.0',
39 silly resolved        'marked-man': '^0.1.3',
39 silly resolved        mkdirp: '^0.5.0',
39 silly resolved        mocha: '^2.0.1',
39 silly resolved        'mocha-lcov-reporter': '^0.0.1',
39 silly resolved        q: '^1.0.0',
39 silly resolved        rimraf: '^2.2.5',
39 silly resolved        should: '^5.0.1' },
39 silly resolved     scripts:
39 silly resolved      { prepublish: 'marked-man --name gulp docs/CLI.md > gulp.1',
39 silly resolved        lint: 'eslint . && jscs *.js bin/ lib/ test/',
39 silly resolved        pretest: 'npm run lint',
39 silly resolved        test: 'mocha --reporter spec',
39 silly resolved        coveralls: 'istanbul cover _mocha --report lcovonly -- -R spec && cat ./coverage/lcov.info | coveralls && rm -rf ./coverage' },
39 silly resolved     engines: { node: '>= 0.9' },
39 silly resolved     license: 'MIT',
39 silly resolved     gitHead: '9c14e3a13a73a32e424f144d62566671b2fcdbed',
39 silly resolved     bugs: { url: 'https://github.com/gulpjs/gulp/issues' },
39 silly resolved     _id: 'gulp@3.9.1',
39 silly resolved     _shasum: '571ce45928dd40af6514fc4011866016c13845b4',
39 silly resolved     _from: 'gulp@',
39 silly resolved     _npmVersion: '2.14.14',
39 silly resolved     _nodeVersion: '0.10.41',
39 silly resolved     _npmUser: { name: 'phated', email: 'blaine@iceddev.com' },
39 silly resolved     maintainers: [ [Object], [Object] ],
39 silly resolved     dist:
39 silly resolved      { shasum: '571ce45928dd40af6514fc4011866016c13845b4',
39 silly resolved        tarball: 'https://registry.npmjs.org/gulp/-/gulp-3.9.1.tgz' },
39 silly resolved     _npmOperationalInternal:
39 silly resolved      { host: 'packages-6-west.internal.npmjs.com',
39 silly resolved        tmp: 'tmp/gulp-3.9.1.tgz_1454957415500_0.15343931876122952' },
39 silly resolved     directories: {},
39 silly resolved     _resolved: 'https://registry.npmjs.org/gulp/-/gulp-3.9.1.tgz',
39 silly resolved     readme: 'ERROR: No README data found!' } ]
40 info install gulp@3.9.1 into /usr/local/lib
41 info installOne gulp@3.9.1
42 verbose lib/node_modules/gulp unbuild
43 info preuninstall gulp@3.9.1
44 info uninstall gulp@3.9.1
45 verbose true,/usr/local/lib/node_modules,/usr/local/lib/node_modules unbuild gulp@3.9.1
46 verbose /usr/local/bin,[object Object] binRoot
47 verbose lib/node_modules/gulp unbuild
48 info preuninstall gulp@3.9.1
49 info uninstall gulp@3.9.1
50 verbose true,/usr/local/lib/node_modules,/usr/local/lib/node_modules unbuild gulp@3.9.1
51 verbose /usr/local/bin,[object Object] binRoot
52 error error rolling back Error: EACCES, unlink '/usr/local/bin/gulp'
52 error error rolling back  gulp@3.9.1 { [Error: EACCES, unlink '/usr/local/bin/gulp'] errno: 3, code: 'EACCES', path: '/usr/local/bin/gulp' }
53 error Error: EACCES, unlink '/usr/local/bin/gulp'
53 error  { [Error: EACCES, unlink '/usr/local/bin/gulp'] errno: 3, code: 'EACCES', path: '/usr/local/bin/gulp' }
54 error Please try running this command again as root/Administrator.
55 error System Linux 4.2.0-42-generic
56 error command "/usr/bin/nodejs" "/usr/bin/npm" "--global" "install" "gulp"
57 error cwd /home/sjonbak23/code/python/workspace/anticipator
58 error node -v v0.10.25
59 error npm -v 1.4.21
60 error path /usr/local/bin/gulp
61 error code EACCES
62 error errno 3
63 error stack Error: EACCES, unlink '/usr/local/bin/gulp'
64 verbose exit [ 3, true ]
